android/app/build/intermediates/manifest_merge_blame_file/debug/manifest-merger-blame-debug-report 3.txt
1<?xml version="1.0" encoding="utf-8"?>
2<manifest xmlns:android="http://schemas.android.com/apk/res/android"
3    package="com.prepapp"
4    android:versionCode="1"
5    android:versionName="1.0" >
6
7    <uses-sdk
8        android:minSdkVersion="16"
9        android:targetSdkVersion="28" />
10
11    <uses-permission android:name="android.permission.SYSTEM_ALERT_WINDOW" />
11-->src/debug/AndroidManifest.xml:5:5-77
11-->src/debug/AndroidManifest.xml:5:22-75
12    <uses-permission android:name="android.permission.INTERNET" />
12-->src/main/AndroidManifest.xml:4:5-67
12-->src/main/AndroidManifest.xml:4:22-64
13    <uses-permission android:name="android.permission.ACCESS_NETWORK_STATE" />
13-->[:react-native-community_netinfo] AndroidManifest.xml:9:5-79
13-->[:react-native-community_netinfo] AndroidManifest.xml:9:22-76
14    <uses-permission android:name="android.permission.ACCESS_WIFI_STATE" />
14-->[:react-native-community_netinfo] AndroidManifest.xml:10:5-76
14-->[:react-native-community_netinfo] AndroidManifest.xml:10:22-73
15
16    <application
16-->src/main/AndroidManifest.xml:6:5-24:19
17        android:name="com.prepapp.MainApplication"
17-->src/main/AndroidManifest.xml:7:7-38
18        android:allowBackup="false"
18-->src/main/AndroidManifest.xml:11:7-34
19        android:appComponentFactory="androidx.core.app.CoreComponentFactory"
19-->[androidx.core:core:1.3.0-alpha02] AndroidManifest.xml:24:18-86
20        android:debuggable="true"
21        android:icon="@mipmap/ic_launcher"
21-->src/main/AndroidManifest.xml:9:7-41
22        android:label="@string/app_name"
22-->src/main/AndroidManifest.xml:8:7-39
23        android:roundIcon="@mipmap/ic_launcher_round"
23-->src/main/AndroidManifest.xml:10:7-52
24        android:theme="@style/AppTheme"
24-->src/main/AndroidManifest.xml:12:7-38
25        android:usesCleartextTraffic="true" >
25-->src/debug/AndroidManifest.xml:7:18-53
26        <activity
26-->src/main/AndroidManifest.xml:13:7-22:18
27            android:name="com.prepapp.MainActivity"
27-->src/main/AndroidManifest.xml:14:9-37
28            android:configChanges="keyboard|keyboardHidden|orientation|screenSize"
28-->src/main/AndroidManifest.xml:16:9-79
29            android:label="@string/app_name"
29-->src/main/AndroidManifest.xml:15:9-41
30            android:windowSoftInputMode="adjustResize" >
30-->src/main/AndroidManifest.xml:17:9-51
31            <intent-filter>
31-->src/main/AndroidManifest.xml:18:9-21:25
32                <action android:name="android.intent.action.MAIN" />
32-->src/main/AndroidManifest.xml:19:13-65
32-->src/main/AndroidManifest.xml:19:21-62
33
34                <category android:name="android.intent.category.LAUNCHER" />
34-->src/main/AndroidManifest.xml:20:13-73
34-->src/main/AndroidManifest.xml:20:23-70
35            </intent-filter>
36        </activity>
37        <activity android:name="com.facebook.react.devsupport.DevSettingsActivity" />
37-->src/main/AndroidManifest.xml:23:7-84
37-->src/main/AndroidManifest.xml:23:17-81
38    </application>
39
40</manifest>